0 info it worked if it ends with ok
1 verbose cli [ 'C:\\Program Files\\nodejs\\node.exe',
1 verbose cli   'C:\\Program Files\\nodejs\\node_modules\\npm\\bin\\npm-cli.js',
1 verbose cli   'install' ]
2 info using npm@3.10.10
3 info using node@v6.11.3
4 silly loadCurrentTree Starting
5 silly install loadCurrentTree
6 silly install readLocalPackageData
7 silly install normalizeTree
8 silly loadCurrentTree Finishing
9 silly loadIdealTree Starting
10 silly install loadIdealTree
11 silly cloneCurrentTree Starting
12 silly install cloneCurrentTreeToIdealTree
13 silly cloneCurrentTree Finishing
14 silly loadShrinkwrap Starting
15 silly install loadShrinkwrap
16 silly loadShrinkwrap Finishing
17 silly loadAllDepsIntoIdealTree Starting
18 silly install loadAllDepsIntoIdealTree
19 silly fetchNamedPackageData node-sass
20 silly mapToRegistry name node-sass
21 silly mapToRegistry using default registry
22 silly mapToRegistry registry https://registry.npmjs.org/
23 silly mapToRegistry data Result {
23 silly mapToRegistry   raw: 'node-sass',
23 silly mapToRegistry   scope: null,
23 silly mapToRegistry   escapedName: 'node-sass',
23 silly mapToRegistry   name: 'node-sass',
23 silly mapToRegistry   rawSpec: '',
23 silly mapToRegistry   spec: 'latest',
23 silly mapToRegistry   type: 'tag' }
24 silly mapToRegistry uri https://registry.npmjs.org/node-sass
25 verbose request uri https://registry.npmjs.org/node-sass
26 verbose request no auth needed
27 info attempt registry request try #1 at 4:15:14 PM
28 verbose request id e655927fe17b34bf
29 http request GET https://registry.npmjs.org/node-sass
30 info retry will retry, error on last attempt: Error: self signed certificate in certificate chain
31 info attempt registry request try #2 at 4:15:25 PM
32 http request GET https://registry.npmjs.org/node-sass
33 info retry will retry, error on last attempt: Error: self signed certificate in certificate chain
34 info attempt registry request try #3 at 4:16:25 PM
35 http request GET https://registry.npmjs.org/node-sass
36 silly fetchPackageMetaData Error: self signed certificate in certificate chain
36 silly fetchPackageMetaData     at Error (native)
36 silly fetchPackageMetaData     at TLSSocket.<anonymous> (_tls_wrap.js:1092:38)
36 silly fetchPackageMetaData     at emitNone (events.js:86:13)
36 silly fetchPackageMetaData     at TLSSocket.emit (events.js:185:7)
36 silly fetchPackageMetaData     at TLSSocket._finishInit (_tls_wrap.js:610:8)
36 silly fetchPackageMetaData     at TLSWrap.ssl.onhandshakedone (_tls_wrap.js:440:38)
36 silly fetchPackageMetaData  error for node-sass@^4.9.0 { Error: self signed certificate in certificate chain
36 silly fetchPackageMetaData     at Error (native)
36 silly fetchPackageMetaData     at TLSSocket.<anonymous> (_tls_wrap.js:1092:38)
36 silly fetchPackageMetaData     at emitNone (events.js:86:13)
36 silly fetchPackageMetaData     at TLSSocket.emit (events.js:185:7)
36 silly fetchPackageMetaData     at TLSSocket._finishInit (_tls_wrap.js:610:8)
36 silly fetchPackageMetaData     at TLSWrap.ssl.onhandshakedone (_tls_wrap.js:440:38) code: 'SELF_SIGNED_CERT_IN_CHAIN' }
37 silly rollbackFailedOptional Starting
38 silly rollbackFailedOptional Finishing
39 silly runTopLevelLifecycles Finishing
40 silly install printInstalled
41 verbose stack Error: self signed certificate in certificate chain
41 verbose stack     at Error (native)
41 verbose stack     at TLSSocket.<anonymous> (_tls_wrap.js:1092:38)
41 verbose stack     at emitNone (events.js:86:13)
41 verbose stack     at TLSSocket.emit (events.js:185:7)
41 verbose stack     at TLSSocket._finishInit (_tls_wrap.js:610:8)
41 verbose stack     at TLSWrap.ssl.onhandshakedone (_tls_wrap.js:440:38)
42 verbose cwd P:\Projects\kennybecerra.github.io
43 error Windows_NT 6.1.7601
44 error argv "C:\\Program Files\\nodejs\\node.exe" "C:\\Program Files\\nodejs\\node_modules\\npm\\bin\\npm-cli.js" "install"
45 error node v6.11.3
46 error npm  v3.10.10
47 error code SELF_SIGNED_CERT_IN_CHAIN
48 error self signed certificate in certificate chain
49 error If you need help, you may report this error at:
49 error     <https://github.com/npm/npm/issues>
50 verbose exit [ 1, true ]
